[0.619s] Invoking command in '/home/masanao/ros2_ws/src/mypkg': PYTHONPATH=/home/masanao/ros2_ws/src/mypkg/build/mypkg/prefix_override:/home/masanao/ros2_ws/src/mypkg/install/mypkg/lib/python3.6/site-packages:${PYTHONPATH} /usr/bin/python3 setup.py egg_info --egg-base build/mypkg build --build-base /home/masanao/ros2_ws/src/mypkg/build/mypkg/build install --record /home/masanao/ros2_ws/src/mypkg/build/mypkg/install.log --install-scripts $base/lib/mypkg --single-version-externally-managed
[0.829s] running egg_info
[0.829s] creating build/mypkg/mypkg.egg-info
[0.830s] writing build/mypkg/mypkg.egg-info/PKG-INFO
[0.830s] writing dependency_links to build/mypkg/mypkg.egg-info/dependency_links.txt
[0.830s] writing entry points to build/mypkg/mypkg.egg-info/entry_points.txt
[0.831s] writing requirements to build/mypkg/mypkg.egg-info/requires.txt
[0.831s] writing top-level names to build/mypkg/mypkg.egg-info/top_level.txt
[0.831s] writing manifest file 'build/mypkg/mypkg.egg-info/SOURCES.txt'
[0.864s] reading manifest file 'build/mypkg/mypkg.egg-info/SOURCES.txt'
[0.865s] writing manifest file 'build/mypkg/mypkg.egg-info/SOURCES.txt'
[0.866s] running build
[0.866s] running build_py
[0.866s] creating /home/masanao/ros2_ws/src/mypkg/build/mypkg/build
[0.866s] creating /home/masanao/ros2_ws/src/mypkg/build/mypkg/build/lib
[0.867s] creating /home/masanao/ros2_ws/src/mypkg/build/mypkg/build/lib/mypkg
[0.867s] copying mypkg/talker.py -> /home/masanao/ros2_ws/src/mypkg/build/mypkg/build/lib/mypkg
[0.867s] copying mypkg/listener.py -> /home/masanao/ros2_ws/src/mypkg/build/mypkg/build/lib/mypkg
[0.867s] copying mypkg/__init__.py -> /home/masanao/ros2_ws/src/mypkg/build/mypkg/build/lib/mypkg
[0.868s] running install
[0.868s] running install_lib
[0.869s] creating /home/masanao/ros2_ws/src/mypkg/install/mypkg/lib/python3.6/site-packages/mypkg
[0.870s] copying /home/masanao/ros2_ws/src/mypkg/build/mypkg/build/lib/mypkg/talker.py -> /home/masanao/ros2_ws/src/mypkg/install/mypkg/lib/python3.6/site-packages/mypkg
[0.870s] copying /home/masanao/ros2_ws/src/mypkg/build/mypkg/build/lib/mypkg/listener.py -> /home/masanao/ros2_ws/src/mypkg/install/mypkg/lib/python3.6/site-packages/mypkg
[0.870s] copying /home/masanao/ros2_ws/src/mypkg/build/mypkg/build/lib/mypkg/__init__.py -> /home/masanao/ros2_ws/src/mypkg/install/mypkg/lib/python3.6/site-packages/mypkg
[0.870s] byte-compiling /home/masanao/ros2_ws/src/mypkg/install/mypkg/lib/python3.6/site-packages/mypkg/talker.py to talker.cpython-36.pyc
[0.871s] byte-compiling /home/masanao/ros2_ws/src/mypkg/install/mypkg/lib/python3.6/site-packages/mypkg/listener.py to listener.cpython-36.pyc
[0.872s] byte-compiling /home/masanao/ros2_ws/src/mypkg/install/mypkg/lib/python3.6/site-packages/mypkg/__init__.py to __init__.cpython-36.pyc
[0.872s] running install_data
[0.873s] creating /home/masanao/ros2_ws/src/mypkg/install/mypkg/share/ament_index
[0.873s] creating /home/masanao/ros2_ws/src/mypkg/install/mypkg/share/ament_index/resource_index
[0.873s] creating /home/masanao/ros2_ws/src/mypkg/install/mypkg/share/ament_index/resource_index/packages
[0.873s] copying resource/mypkg -> /home/masanao/ros2_ws/src/mypkg/install/mypkg/share/ament_index/resource_index/packages
[0.874s] copying package.xml -> /home/masanao/ros2_ws/src/mypkg/install/mypkg/share/mypkg
[0.874s] copying launch/talk_listen.launch.py -> /home/masanao/ros2_ws/src/mypkg/install/mypkg/share/mypkg
[0.875s] running install_egg_info
[0.878s] Copying build/mypkg/mypkg.egg-info to /home/masanao/ros2_ws/src/mypkg/install/mypkg/lib/python3.6/site-packages/mypkg-0.0.0-py3.6.egg-info
[0.879s] running install_scripts
[0.897s] Installing listener script to /home/masanao/ros2_ws/src/mypkg/install/mypkg/lib/mypkg
[0.898s] Installing talker script to /home/masanao/ros2_ws/src/mypkg/install/mypkg/lib/mypkg
[0.898s] writing list of installed files to '/home/masanao/ros2_ws/src/mypkg/build/mypkg/install.log'
[0.922s] Invoked command in '/home/masanao/ros2_ws/src/mypkg' returned '0': PYTHONPATH=/home/masanao/ros2_ws/src/mypkg/build/mypkg/prefix_override:/home/masanao/ros2_ws/src/mypkg/install/mypkg/lib/python3.6/site-packages:${PYTHONPATH} /usr/bin/python3 setup.py egg_info --egg-base build/mypkg build --build-base /home/masanao/ros2_ws/src/mypkg/build/mypkg/build install --record /home/masanao/ros2_ws/src/mypkg/build/mypkg/install.log --install-scripts $base/lib/mypkg --single-version-externally-managed
